<?xml version="1.0" encoding="UTF-8"?>
<!-- Generated by org.testng.reporters.JUnitReportReporter -->
<testsuite skipped="0" hostname="L33986WUS" name="com.webdriver.datadriven.DataDrivenRunner" tests="5" failures="0" timestamp="24 May 2020 19:44:54 GMT" time="56.417" errors="1">
  <testcase name="runScenario" time="11.984" classname="com.webdriver.datadriven.DataDrivenRunner"/>
  <testcase name="runScenario" time="9.280" classname="com.webdriver.datadriven.DataDrivenRunner">
    <error type="org.openqa.selenium.NoSuchElementException" message="Cannot locate option with value: test1         
For documentation on this error, please visit: http://seleniumhq.org/exceptions/no_such_element.html
Build info: version: &#039;3.8.1&#039;, revision: &#039;6e95a6684b&#039;, time: &#039;2017-12-01T18:33:54.468Z&#039;
System info: host: &#039;L33986WUS&#039;, ip: &#039;55.55.55.1&#039;, os.name: &#039;Windows 10&#039;, os.arch: &#039;amd64&#039;, os.version: &#039;10.0&#039;, java.version: &#039;1.8.0_202&#039;
Driver info: driver.version: unknown">
      <![CDATA[org.openqa.selenium.NoSuchElementException: Cannot locate option with value: test1         For documentation on this error, please visit: http://seleniumhq.org/exceptions/no_such_element.htmlBuild info: version: '3.8.1', revision: '6e95a6684b', time: '2017-12-01T18:33:54.468Z'System info: host: 'L33986WUS', ip: '55.55.55.1', os.name: 'Windows 10', os.arch: 'amd64', os.version: '10.0', java.version: '1.8.0_202'Driver info: driver.version: unknownat org.openqa.selenium.support.ui.Select.selectByValue(Select.java:209)at com.webdriver.helper.DropdownHelper.selectByValue(DropdownHelper.java:55)at com.webdriver.page.DetailPageClass.provideDetails(DetailPageClass.java:62)at com.webdriver.datadriven.DataDrivenStepDfn.datadriven_i_provide_the_following_information_in_the_detail_page_from_excel_file_as_follow(DataDrivenStepDfn.java:86)at ✽.DataDriven_I provide the following information in the detail page from excel file as follow(file:///C:/Data/GitHub/SeleniumWebdriverWithCucumber-io/src/main/java/com/webdriver/datadriven/DataDriven.feature:23)]]>
    </error>
  </testcase> <!-- runScenario -->
  <testcase name="runScenario" time="11.317" classname="com.webdriver.datadriven.DataDrivenRunner"/>
  <testcase name="runScenario" time="12.723" classname="com.webdriver.datadriven.DataDrivenRunner"/>
  <testcase name="runScenario" time="11.113" classname="com.webdriver.datadriven.DataDrivenRunner"/>
</testsuite> <!-- com.webdriver.datadriven.DataDrivenRunner -->
